    Step:  parse_options
    OK
    Step:  read_config
    OK
Current setup chain: ['configure_filesystems', 'install_world', 'install_kernel', 'configure_userspace', 'configure_world', 'configure_boot', 'save_configuration', 'scripts', 'script_packages']
    Step:  configure_filesystems
        EXEC:  umount -f /dev/nvme0n1p1
        EXEC:  umount -f /dev/nvme0n1p7
        EXEC:  umount -f /dev/nvme0n1p8
        EXEC:  umount -f /dev/sda3
        EXEC:  umount -f /dev/nvme0n1p7
        EXEC:  mkfs.f2fs /dev/nvme0n1p7
        EXEC:  mkswap /dev/nvme0n1p8
        EXEC:  mkfs.ext4 /dev/sda3
        EXEC:  mkdir /mntarch -p
        EXEC:  mount /dev/nvme0n1p7 /mntarch/
        EXEC:  mkdir -p /mntarch/boot/efi
        EXEC:  mount /dev/nvme0n1p1 /mntarch/boot/efi
        EXEC:  mkdir -p /mntarch/tmp
        EXEC:  mount /dev/sda3 /mntarch/tmp
        EXEC:  swapon /dev/nvme0n1p8
    OK
    Step:  install_world
        EXEC:  pacman -Sy
        EXEC:  pacman -Sy
        EXEC:  pacstrap /mntarch base base-devel zsh zsh-syntax-highlighting git pkgfile linux-firmware
    OK
    Step:  install_kernel
        EXEC:  pacstrap /mntarch booster amd-ucode linux-zen
    OK
    Step:  configure_userspace
        EXEC:  arch-chroot /mntarch useradd -m -G users,wheel,video,lp -s /bin/zsh psycho
    Configure psycho`s password (safe UNIX passwd command used. Enter password Twice!):
        EXEC:  arch-chroot /mntarch passwd psycho
        EXEC:  pacstrap /mntarch plasma sddm
        EXEC:  arch-chroot /mntarch systemctl enable sddm
    OK
    Step:  configure_world
        EXEC:  arch-chroot /mntarch timedatectl set-timezone Europe/Moscow
        EXEC:  arch-chroot /mntarch timedatectl set-ntp true
        EXEC:  arch-chroot /mntarch hostnamectl set-hostname madArch
        EXEC:  echo -e "ru_RU.UTF-8 UTF-8\nen_US.UTF-8 UTF-8" > /mntarch/etc/locale.gen
        EXEC:  arch-chroot /mntarch locale-gen
        EXEC:  arch-chroot /mntarch localectl set-locale LANG=ru_RU.UTF-8
        EXEC:  genfstab -U /mntarch >> /mntarch/etc/fstab
    Configure ROOT password (safe UNIX passwd command used. Enter password Twice!):
        EXEC:  arch-chroot /mntarch passwd root
    OK
    Step:  configure_boot
    Currenlty supported image generators are: dict_keys(['booster', 'mkinitcpio'])
    Currenlty supported bootloaders are: dict_keys(['refind'])
    True
    Err!
    Step:  save_configuration
    Unsatisfied! Abort
    Step:  scripts
    Unsatisfied! Abort
    Step:  script_packages
    Unsatisfied! Abort
    Step:  parse_options
    OK
    Step:  read_config
    OK
Current setup chain: ['configure_filesystems', 'install_world', 'install_kernel', 'configure_userspace', 'configure_world', 'configure_boot', 'save_configuration', 'scripts', 'script_packages']
    Step:  configure_filesystems
        EXEC:  umount -f /dev/nvme0n1p1
        EXEC:  umount -f /dev/nvme0n1p7
        EXEC:  umount -f /dev/nvme0n1p8
        EXEC:  umount -f /dev/sda3
        EXEC:  umount -f /dev/nvme0n1p7
        EXEC:  mkfs.f2fs /dev/nvme0n1p7
        EXEC:  mkswap /dev/nvme0n1p8
        EXEC:  mkfs.ext4 /dev/sda3
        EXEC:  mkdir /mntarch -p
        EXEC:  mount /dev/nvme0n1p7 /mntarch/
        EXEC:  mkdir -p /mntarch/boot/efi
        EXEC:  mount /dev/nvme0n1p1 /mntarch/boot/efi
        EXEC:  mkdir -p /mntarch/tmp
        EXEC:  mount /dev/sda3 /mntarch/tmp
        EXEC:  swapon /dev/nvme0n1p8
    OK
    Step:  install_world
        EXEC:  pacman -Sy
        EXEC:  pacman -Sy
        EXEC:  pacstrap /mntarch base base-devel zsh zsh-syntax-highlighting git pkgfile linux-firmware
    OK
    Step:  install_kernel
        EXEC:  pacstrap /mntarch booster amd-ucode linux-zen
    OK
    Step:  configure_userspace
        EXEC:  arch-chroot /mntarch useradd -m -G users,wheel,video,lp -s /bin/zsh psycho
    Configure psycho`s password (safe UNIX passwd command used. Enter password Twice!):
        EXEC:  arch-chroot /mntarch passwd psycho
        EXEC:  pacstrap /mntarch plasma sddm
        EXEC:  arch-chroot /mntarch systemctl enable sddm
    OK
    Step:  configure_world
        EXEC:  arch-chroot /mntarch timedatectl set-timezone Europe/Moscow
        EXEC:  arch-chroot /mntarch timedatectl set-ntp true
        EXEC:  arch-chroot /mntarch hostnamectl set-hostname madArch
        EXEC:  echo -e "ru_RU.UTF-8 UTF-8\nen_US.UTF-8 UTF-8" > /mntarch/etc/locale.gen
        EXEC:  arch-chroot /mntarch locale-gen
        EXEC:  arch-chroot /mntarch localectl set-locale LANG=ru_RU.UTF-8
        EXEC:  genfstab -U /mntarch >> /mntarch/etc/fstab
    Configure ROOT password (safe UNIX passwd command used. Enter password Twice!):
        EXEC:  arch-chroot /mntarch passwd root
    OK
    Step:  configure_boot
    Currenlty supported image generators are: ['booster', 'mkinitcpio']
    Currenlty supported bootloaders are: ['refind']
    True
    Err!
    Step:  save_configuration
    Unsatisfied! Abort
    Step:  scripts
    Unsatisfied! Abort
    Step:  script_packages
    Unsatisfied! Abort
    Step:  parse_options
    OK
    Step:  read_config
    OK
Current setup chain: ['configure_filesystems', 'install_world', 'install_kernel', 'configure_userspace', 'configure_world', 'configure_boot', 'save_configuration', 'scripts', 'script_packages']
    Step:  configure_filesystems
        EXEC:  umount -f /dev/nvme0n1p1
        EXEC:  umount -f /dev/nvme0n1p7
        EXEC:  umount -f /dev/nvme0n1p8
        EXEC:  umount -f /dev/sda3
        EXEC:  umount -f /dev/nvme0n1p7
        EXEC:  mkfs.f2fs /dev/nvme0n1p7
        EXEC:  mkswap /dev/nvme0n1p8
        EXEC:  mkfs.ext4 /dev/sda3
        EXEC:  mkdir /mntarch -p
        EXEC:  mount /dev/nvme0n1p7 /mntarch/
        EXEC:  mkdir -p /mntarch/boot/efi
        EXEC:  mount /dev/nvme0n1p1 /mntarch/boot/efi
        EXEC:  mkdir -p /mntarch/tmp
        EXEC:  mount /dev/sda3 /mntarch/tmp
        EXEC:  swapon /dev/nvme0n1p8
    OK
    Step:  install_world
        EXEC:  pacman -Sy
        EXEC:  pacman -Sy
        EXEC:  pacstrap /mntarch base base-devel zsh zsh-syntax-highlighting git pkgfile linux-firmware
    OK
    Step:  install_kernel
        EXEC:  pacstrap /mntarch booster amd-ucode linux-zen
    OK
    Step:  configure_userspace
        EXEC:  arch-chroot /mntarch useradd -m -G users,wheel,video,lp -s /bin/zsh psycho
    Configure psycho`s password (safe UNIX passwd command used. Enter password Twice!):
        EXEC:  arch-chroot /mntarch passwd psycho
        EXEC:  pacstrap /mntarch plasma sddm
        EXEC:  arch-chroot /mntarch systemctl enable sddm
    OK
    Step:  configure_world
        EXEC:  arch-chroot /mntarch timedatectl set-timezone Europe/Moscow
        EXEC:  arch-chroot /mntarch timedatectl set-ntp true
        EXEC:  arch-chroot /mntarch hostnamectl set-hostname madArch
        EXEC:  echo -e "ru_RU.UTF-8 UTF-8\nen_US.UTF-8 UTF-8" > /mntarch/etc/locale.gen
        EXEC:  arch-chroot /mntarch locale-gen
        EXEC:  arch-chroot /mntarch localectl set-locale LANG=ru_RU.UTF-8
        EXEC:  genfstab -U /mntarch >> /mntarch/etc/fstab
    Configure ROOT password (safe UNIX passwd command used. Enter password Twice!):
        EXEC:  arch-chroot /mntarch passwd root
    OK
    Step:  configure_boot
    Currenlty supported image generators are: ['booster', 'mkinitcpio']
    Currenlty supported bootloaders are: ['refind']
    True
    Err!
    Step:  save_configuration
    Unsatisfied! Abort
    Step:  scripts
    Unsatisfied! Abort
    Step:  script_packages
    Unsatisfied! Abort
    Step:  parse_options
    OK
    Step:  read_config
    OK
Current setup chain: ['configure_filesystems', 'install_world', 'install_kernel', 'configure_userspace', 'configure_world', 'configure_boot', 'save_configuration', 'scripts', 'script_packages']
    Step:  configure_filesystems
        EXEC:  umount -f /dev/nvme0n1p1
        EXEC:  umount -f /dev/nvme0n1p7
        EXEC:  umount -f /dev/nvme0n1p8
        EXEC:  umount -f /dev/sda3
        EXEC:  umount -f /dev/nvme0n1p7
        EXEC:  mkfs.f2fs /dev/nvme0n1p7
        EXEC:  mkswap /dev/nvme0n1p8
        EXEC:  mkfs.ext4 /dev/sda3
        EXEC:  mkdir /mntarch -p
        EXEC:  mount /dev/nvme0n1p7 /mntarch/
        EXEC:  mkdir -p /mntarch/boot/efi
        EXEC:  mount /dev/nvme0n1p1 /mntarch/boot/efi
        EXEC:  mkdir -p /mntarch/tmp
        EXEC:  mount /dev/sda3 /mntarch/tmp
        EXEC:  swapon /dev/nvme0n1p8
    OK
    Step:  install_world
        EXEC:  pacman -Sy
        EXEC:  pacman -Sy
        EXEC:  pacstrap /mntarch base base-devel zsh zsh-syntax-highlighting git pkgfile linux-firmware
    OK
    Step:  install_kernel
        EXEC:  pacstrap /mntarch booster amd-ucode linux-zen
    OK
    Step:  configure_userspace
        EXEC:  arch-chroot /mntarch useradd -m -G users,wheel,video,lp -s /bin/zsh psycho
    Configure psycho`s password (safe UNIX passwd command used. Enter password Twice!):
        EXEC:  arch-chroot /mntarch passwd psycho
        EXEC:  pacstrap /mntarch plasma sddm
        EXEC:  arch-chroot /mntarch systemctl enable sddm
    OK
    Step:  configure_world
        EXEC:  arch-chroot /mntarch timedatectl set-timezone Europe/Moscow
        EXEC:  arch-chroot /mntarch timedatectl set-ntp true
        EXEC:  arch-chroot /mntarch hostnamectl set-hostname madArch
        EXEC:  echo -e "ru_RU.UTF-8 UTF-8\nen_US.UTF-8 UTF-8" > /mntarch/etc/locale.gen
        EXEC:  arch-chroot /mntarch locale-gen
        EXEC:  arch-chroot /mntarch localectl set-locale LANG=ru_RU.UTF-8
        EXEC:  genfstab -U /mntarch >> /mntarch/etc/fstab
    Configure ROOT password (safe UNIX passwd command used. Enter password Twice!):
        EXEC:  arch-chroot /mntarch passwd root
    OK
    Step:  configure_boot
    Currenlty supported image generators are: ['booster', 'mkinitcpio']
    Currenlty supported bootloaders are: ['refind']
    1
    True
    Err!
    Step:  save_configuration
    Unsatisfied! Abort
    Step:  scripts
    Unsatisfied! Abort
    Step:  script_packages
    Unsatisfied! Abort
    Step:  parse_options
    OK
    Step:  read_config
    OK
Current setup chain: ['configure_filesystems', 'install_world', 'install_kernel', 'configure_userspace', 'configure_world', 'configure_boot', 'save_configuration', 'scripts', 'script_packages']
    Step:  configure_filesystems
        EXEC:  umount -f /dev/nvme0n1p1
        EXEC:  umount -f /dev/nvme0n1p7
        EXEC:  umount -f /dev/nvme0n1p8
        EXEC:  umount -f /dev/sda3
        EXEC:  umount -f /dev/nvme0n1p7
        EXEC:  mkfs.f2fs /dev/nvme0n1p7
        EXEC:  mkswap /dev/nvme0n1p8
        EXEC:  mkfs.ext4 /dev/sda3
        EXEC:  mkdir /mntarch -p
        EXEC:  mount /dev/nvme0n1p7 /mntarch/
        EXEC:  mkdir -p /mntarch/boot/efi
        EXEC:  mount /dev/nvme0n1p1 /mntarch/boot/efi
        EXEC:  mkdir -p /mntarch/tmp
        EXEC:  mount /dev/sda3 /mntarch/tmp
        EXEC:  swapon /dev/nvme0n1p8
    OK
    Step:  install_world
        EXEC:  pacman -Sy
        EXEC:  pacman -Sy
        EXEC:  pacstrap /mntarch base base-devel zsh zsh-syntax-highlighting git pkgfile linux-firmware
    OK
    Step:  install_kernel
        EXEC:  pacstrap /mntarch booster amd-ucode linux-zen
    OK
    Step:  configure_userspace
        EXEC:  arch-chroot /mntarch useradd -m -G users,wheel,video,lp -s /bin/zsh psycho
    Configure psycho`s password (safe UNIX passwd command used. Enter password Twice!):
        EXEC:  arch-chroot /mntarch passwd psycho
        EXEC:  pacstrap /mntarch plasma sddm
        EXEC:  arch-chroot /mntarch systemctl enable sddm
    OK
    Step:  configure_world
        EXEC:  arch-chroot /mntarch timedatectl set-timezone Europe/Moscow
        EXEC:  arch-chroot /mntarch timedatectl set-ntp true
        EXEC:  arch-chroot /mntarch hostnamectl set-hostname madArch
        EXEC:  echo -e "ru_RU.UTF-8 UTF-8\nen_US.UTF-8 UTF-8" > /mntarch/etc/locale.gen
        EXEC:  arch-chroot /mntarch locale-gen
        EXEC:  arch-chroot /mntarch localectl set-locale LANG=ru_RU.UTF-8
        EXEC:  genfstab -U /mntarch >> /mntarch/etc/fstab
    Configure ROOT password (safe UNIX passwd command used. Enter password Twice!):
        EXEC:  arch-chroot /mntarch passwd root
    OK
    Step:  configure_boot
    Currenlty supported image generators are: ['booster', 'mkinitcpio']
    Currenlty supported bootloaders are: ['refind']
    True
    Err!
    Step:  save_configuration
    Unsatisfied! Abort
    Step:  scripts
    Unsatisfied! Abort
    Step:  script_packages
    Unsatisfied! Abort
    Step:  parse_options
    OK
    Step:  read_config
    OK
Current setup chain: ['configure_filesystems', 'install_world', 'install_kernel', 'configure_userspace', 'configure_world', 'configure_boot', 'save_configuration', 'scripts', 'script_packages']
    Step:  configure_filesystems
        EXEC:  umount -f /dev/nvme0n1p1
        EXEC:  umount -f /dev/nvme0n1p7
        EXEC:  umount -f /dev/nvme0n1p8
        EXEC:  umount -f /dev/sda3
        EXEC:  umount -f /dev/nvme0n1p7
        EXEC:  mkfs.f2fs /dev/nvme0n1p7
        EXEC:  mkswap /dev/nvme0n1p8
        EXEC:  mkfs.ext4 /dev/sda3
        EXEC:  mkdir /mntarch -p
        EXEC:  mount /dev/nvme0n1p7 /mntarch/
        EXEC:  mkdir -p /mntarch/boot/efi
        EXEC:  mount /dev/nvme0n1p1 /mntarch/boot/efi
        EXEC:  mkdir -p /mntarch/tmp
        EXEC:  mount /dev/sda3 /mntarch/tmp
        EXEC:  swapon /dev/nvme0n1p8
    OK
    Step:  install_world
        EXEC:  pacman -Sy
        EXEC:  pacman -Sy
        EXEC:  pacstrap /mntarch base base-devel zsh zsh-syntax-highlighting git pkgfile linux-firmware
    OK
    Step:  install_kernel
        EXEC:  pacstrap /mntarch booster amd-ucode linux-zen
    OK
    Step:  configure_userspace
        EXEC:  arch-chroot /mntarch useradd -m -G users,wheel,video,lp -s /bin/zsh psycho
    Configure psycho`s password (safe UNIX passwd command used. Enter password Twice!):
        EXEC:  arch-chroot /mntarch passwd psycho
        EXEC:  pacstrap /mntarch plasma sddm
        EXEC:  arch-chroot /mntarch systemctl enable sddm
    OK
    Step:  configure_world
        EXEC:  arch-chroot /mntarch timedatectl set-timezone Europe/Moscow
        EXEC:  arch-chroot /mntarch timedatectl set-ntp true
        EXEC:  arch-chroot /mntarch hostnamectl set-hostname madArch
        EXEC:  echo -e "ru_RU.UTF-8 UTF-8\nen_US.UTF-8 UTF-8" > /mntarch/etc/locale.gen
        EXEC:  arch-chroot /mntarch locale-gen
        EXEC:  arch-chroot /mntarch localectl set-locale LANG=ru_RU.UTF-8
        EXEC:  genfstab -U /mntarch >> /mntarch/etc/fstab
    Configure ROOT password (safe UNIX passwd command used. Enter password Twice!):
        EXEC:  arch-chroot /mntarch passwd root
    OK
    Step:  configure_boot
    Currenlty supported image generators are: ['booster', 'mkinitcpio']
    Currenlty supported bootloaders are: ['refind']
    True
    Err!
    Step:  save_configuration
    Unsatisfied! Abort
    Step:  scripts
    Unsatisfied! Abort
    Step:  script_packages
    Unsatisfied! Abort
    Step:  parse_options
    OK
    Step:  read_config
    OK
Current setup chain: ['configure_filesystems', 'install_world', 'install_kernel', 'configure_userspace', 'configure_world', 'configure_boot', 'save_configuration', 'scripts', 'script_packages']
    Step:  configure_filesystems
        EXEC:  umount -f /dev/nvme0n1p1
        EXEC:  umount -f /dev/nvme0n1p7
        EXEC:  umount -f /dev/nvme0n1p8
        EXEC:  umount -f /dev/sda3
        EXEC:  umount -f /dev/nvme0n1p7
        EXEC:  mkfs.f2fs /dev/nvme0n1p7
        EXEC:  mkswap /dev/nvme0n1p8
        EXEC:  mkfs.ext4 /dev/sda3
        EXEC:  mkdir /mntarch -p
        EXEC:  mount /dev/nvme0n1p7 /mntarch/
        EXEC:  mkdir -p /mntarch/boot/efi
        EXEC:  mount /dev/nvme0n1p1 /mntarch/boot/efi
        EXEC:  mkdir -p /mntarch/tmp
        EXEC:  mount /dev/sda3 /mntarch/tmp
        EXEC:  swapon /dev/nvme0n1p8
    OK
    Step:  install_world
        EXEC:  pacman -Sy
        EXEC:  pacman -Sy
        EXEC:  pacstrap /mntarch base base-devel zsh zsh-syntax-highlighting git pkgfile linux-firmware
    OK
    Step:  install_kernel
        EXEC:  pacstrap /mntarch booster amd-ucode linux-zen
    OK
    Step:  configure_userspace
        EXEC:  arch-chroot /mntarch useradd -m -G users,wheel,video,lp -s /bin/zsh psycho
    Configure psycho`s password (safe UNIX passwd command used. Enter password Twice!):
        EXEC:  arch-chroot /mntarch passwd psycho
        EXEC:  pacstrap /mntarch plasma sddm
        EXEC:  arch-chroot /mntarch systemctl enable sddm
    OK
    Step:  configure_world
        EXEC:  arch-chroot /mntarch timedatectl set-timezone Europe/Moscow
        EXEC:  arch-chroot /mntarch timedatectl set-ntp true
        EXEC:  arch-chroot /mntarch hostnamectl set-hostname madArch
        EXEC:  echo -e "ru_RU.UTF-8 UTF-8\nen_US.UTF-8 UTF-8" > /mntarch/etc/locale.gen
        EXEC:  arch-chroot /mntarch locale-gen
        EXEC:  arch-chroot /mntarch localectl set-locale LANG=ru_RU.UTF-8
        EXEC:  genfstab -U /mntarch >> /mntarch/etc/fstab
    Configure ROOT password (safe UNIX passwd command used. Enter password Twice!):
        EXEC:  arch-chroot /mntarch passwd root
    OK
    Step:  configure_boot
    Currenlty supported image generators are: ['booster', 'mkinitcpio']
    Currenlty supported bootloaders are: ['refind']
    True
    Err!
    Step:  save_configuration
    Unsatisfied! Abort
    Step:  scripts
    Unsatisfied! Abort
    Step:  script_packages
    Unsatisfied! Abort
    Step:  parse_options
    OK
    Step:  read_config
    OK
Current setup chain: ['configure_filesystems', 'install_world', 'install_kernel', 'configure_userspace', 'configure_world', 'configure_boot', 'save_configuration', 'scripts', 'script_packages']
    Step:  configure_filesystems
        EXEC:  umount -f /dev/nvme0n1p1
        EXEC:  umount -f /dev/nvme0n1p7
        EXEC:  umount -f /dev/nvme0n1p8
        EXEC:  umount -f /dev/sda3
        EXEC:  umount -f /dev/nvme0n1p7
        EXEC:  mkfs.f2fs /dev/nvme0n1p7
        EXEC:  mkswap /dev/nvme0n1p8
        EXEC:  mkfs.ext4 /dev/sda3
        EXEC:  mkdir /mntarch -p
        EXEC:  mount /dev/nvme0n1p7 /mntarch/
        EXEC:  mkdir -p /mntarch/boot/efi
        EXEC:  mount /dev/nvme0n1p1 /mntarch/boot/efi
        EXEC:  mkdir -p /mntarch/tmp
        EXEC:  mount /dev/sda3 /mntarch/tmp
        EXEC:  swapon /dev/nvme0n1p8
    OK
    Step:  install_world
        EXEC:  pacman -Sy
        EXEC:  pacman -Sy
        EXEC:  pacstrap /mntarch base base-devel zsh zsh-syntax-highlighting git pkgfile linux-firmware
    OK
    Step:  install_kernel
        EXEC:  pacstrap /mntarch booster amd-ucode linux-zen
    OK
    Step:  configure_userspace
        EXEC:  arch-chroot /mntarch useradd -m -G users,wheel,video,lp -s /bin/zsh psycho
    Configure psycho`s password (safe UNIX passwd command used. Enter password Twice!):
        EXEC:  arch-chroot /mntarch passwd psycho
        EXEC:  pacstrap /mntarch plasma sddm
        EXEC:  arch-chroot /mntarch systemctl enable sddm
    OK
    Step:  configure_world
        EXEC:  arch-chroot /mntarch timedatectl set-timezone Europe/Moscow
        EXEC:  arch-chroot /mntarch timedatectl set-ntp true
        EXEC:  arch-chroot /mntarch hostnamectl set-hostname madArch
        EXEC:  echo -e "ru_RU.UTF-8 UTF-8\nen_US.UTF-8 UTF-8" > /mntarch/etc/locale.gen
        EXEC:  arch-chroot /mntarch locale-gen
        EXEC:  arch-chroot /mntarch localectl set-locale LANG=ru_RU.UTF-8
        EXEC:  genfstab -U /mntarch >> /mntarch/etc/fstab
    Configure ROOT password (safe UNIX passwd command used. Enter password Twice!):
        EXEC:  arch-chroot /mntarch passwd root
    OK
    Step:  configure_boot
    Currenlty supported image generators are: ['booster', 'mkinitcpio']
    Currenlty supported bootloaders are: ['refind']
    sequence item 0: expected str instance, bool found
    Err!
    Step:  save_configuration
    Unsatisfied! Abort
    Step:  scripts
    Unsatisfied! Abort
    Step:  script_packages
    Unsatisfied! Abort
    Step:  parse_options
    OK
    Step:  read_config
    OK
Current setup chain: ['configure_filesystems', 'install_world', 'install_kernel', 'configure_userspace', 'configure_world', 'configure_boot', 'save_configuration', 'scripts', 'script_packages']
    Step:  configure_filesystems
        EXEC:  umount -f /dev/nvme0n1p1
        EXEC:  umount -f /dev/nvme0n1p7
        EXEC:  umount -f /dev/nvme0n1p8
        EXEC:  umount -f /dev/sda3
        EXEC:  umount -f /dev/nvme0n1p7
        EXEC:  mkfs.f2fs /dev/nvme0n1p7
        EXEC:  mkswap /dev/nvme0n1p8
        EXEC:  mkfs.ext4 /dev/sda3
        EXEC:  mkdir /mntarch -p
        EXEC:  mount /dev/nvme0n1p7 /mntarch/
        EXEC:  mkdir -p /mntarch/boot/efi
        EXEC:  mount /dev/nvme0n1p1 /mntarch/boot/efi
        EXEC:  mkdir -p /mntarch/tmp
        EXEC:  mount /dev/sda3 /mntarch/tmp
        EXEC:  swapon /dev/nvme0n1p8
    OK
    Step:  install_world
        EXEC:  pacman -Sy
        EXEC:  pacman -Sy
        EXEC:  pacstrap /mntarch base base-devel zsh zsh-syntax-highlighting git pkgfile linux-firmware
    OK
    Step:  install_kernel
        EXEC:  pacstrap /mntarch booster amd-ucode linux-zen
    OK
    Step:  configure_userspace
        EXEC:  arch-chroot /mntarch useradd -m -G users,wheel,video,lp -s /bin/zsh psycho
    Configure psycho`s password (safe UNIX passwd command used. Enter password Twice!):
        EXEC:  arch-chroot /mntarch passwd psycho
        EXEC:  pacstrap /mntarch plasma sddm
        EXEC:  arch-chroot /mntarch systemctl enable sddm
    OK
    Step:  configure_world
        EXEC:  arch-chroot /mntarch timedatectl set-timezone Europe/Moscow
        EXEC:  arch-chroot /mntarch timedatectl set-ntp true
        EXEC:  arch-chroot /mntarch hostnamectl set-hostname madArch
        EXEC:  echo -e "ru_RU.UTF-8 UTF-8\nen_US.UTF-8 UTF-8" > /mntarch/etc/locale.gen
        EXEC:  arch-chroot /mntarch locale-gen
        EXEC:  arch-chroot /mntarch localectl set-locale LANG=ru_RU.UTF-8
        EXEC:  genfstab -U /mntarch >> /mntarch/etc/fstab
    Configure ROOT password (safe UNIX passwd command used. Enter password Twice!):
        EXEC:  arch-chroot /mntarch passwd root
    OK
    Step:  configure_boot
    Currenlty supported image generators are: ['booster', 'mkinitcpio']
    Currenlty supported bootloaders are: ['refind']
    1
    'uki'
    Err!
    Step:  save_configuration
    Unsatisfied! Abort
    Step:  scripts
    Unsatisfied! Abort
    Step:  script_packages
    Unsatisfied! Abort
    Step:  parse_options
    OK
    Step:  read_config
    OK
Current setup chain: ['configure_filesystems', 'install_world', 'install_kernel', 'configure_userspace', 'configure_world', 'configure_boot', 'save_configuration', 'scripts', 'script_packages']
    Step:  configure_filesystems
        EXEC:  umount -f /dev/nvme0n1p1
        EXEC:  umount -f /dev/nvme0n1p7
        EXEC:  umount -f /dev/nvme0n1p8
        EXEC:  umount -f /dev/sda3
        EXEC:  umount -f /dev/nvme0n1p7
        EXEC:  mkfs.f2fs /dev/nvme0n1p7
        EXEC:  mkswap /dev/nvme0n1p8
        EXEC:  mkfs.ext4 /dev/sda3
        EXEC:  mkdir /mntarch -p
        EXEC:  mount /dev/nvme0n1p7 /mntarch/
        EXEC:  mkdir -p /mntarch/boot/efi
        EXEC:  mount /dev/nvme0n1p1 /mntarch/boot/efi
        EXEC:  mkdir -p /mntarch/tmp
        EXEC:  mount /dev/sda3 /mntarch/tmp
        EXEC:  swapon /dev/nvme0n1p8
    OK
    Step:  install_world
        EXEC:  pacman -Sy
        EXEC:  pacman -Sy
        EXEC:  pacstrap /mntarch base base-devel zsh zsh-syntax-highlighting git pkgfile linux-firmware
    OK
    Step:  install_kernel
        EXEC:  pacstrap /mntarch booster amd-ucode linux-zen
    OK
    Step:  configure_userspace
        EXEC:  arch-chroot /mntarch useradd -m -G users,wheel,video,lp -s /bin/zsh psycho
    Configure psycho`s password (safe UNIX passwd command used. Enter password Twice!):
        EXEC:  arch-chroot /mntarch passwd psycho
        EXEC:  pacstrap /mntarch plasma sddm
        EXEC:  arch-chroot /mntarch systemctl enable sddm
    OK
    Step:  configure_world
        EXEC:  arch-chroot /mntarch timedatectl set-timezone Europe/Moscow
        EXEC:  arch-chroot /mntarch timedatectl set-ntp true
        EXEC:  arch-chroot /mntarch hostnamectl set-hostname madArch
        EXEC:  echo -e "ru_RU.UTF-8 UTF-8\nen_US.UTF-8 UTF-8" > /mntarch/etc/locale.gen
        EXEC:  arch-chroot /mntarch locale-gen
        EXEC:  arch-chroot /mntarch localectl set-locale LANG=ru_RU.UTF-8
        EXEC:  genfstab -U /mntarch >> /mntarch/etc/fstab
    Configure ROOT password (safe UNIX passwd command used. Enter password Twice!):
        EXEC:  arch-chroot /mntarch passwd root
    OK
    Step:  configure_boot
    Currenlty supported image generators are: ['booster', 'mkinitcpio']
    Currenlty supported bootloaders are: ['refind']
    'uki'
    Err!
    Step:  save_configuration
    Unsatisfied! Abort
    Step:  scripts
    Unsatisfied! Abort
    Step:  script_packages
    Unsatisfied! Abort
    Step:  parse_options
    OK
    Step:  read_config
    OK
Current setup chain: ['configure_filesystems', 'install_world', 'install_kernel', 'configure_userspace', 'configure_world', 'configure_boot', 'save_configuration', 'scripts', 'script_packages']
    Step:  configure_filesystems
        EXEC:  umount -f /dev/nvme0n1p1
        EXEC:  umount -f /dev/nvme0n1p7
        EXEC:  umount -f /dev/nvme0n1p8
        EXEC:  umount -f /dev/sda3
        EXEC:  umount -f /dev/nvme0n1p7
        EXEC:  mkfs.f2fs /dev/nvme0n1p7
        EXEC:  mkswap /dev/nvme0n1p8
        EXEC:  mkfs.ext4 /dev/sda3
        EXEC:  mkdir /mntarch -p
        EXEC:  mount /dev/nvme0n1p7 /mntarch/
        EXEC:  mkdir -p /mntarch/boot/efi
        EXEC:  mount /dev/nvme0n1p1 /mntarch/boot/efi
        EXEC:  mkdir -p /mntarch/tmp
        EXEC:  mount /dev/sda3 /mntarch/tmp
        EXEC:  swapon /dev/nvme0n1p8
    OK
    Step:  install_world
        EXEC:  pacman -Sy
        EXEC:  pacman -Sy
        EXEC:  pacstrap /mntarch base base-devel zsh zsh-syntax-highlighting git pkgfile linux-firmware
    OK
    Step:  install_kernel
        EXEC:  pacstrap /mntarch booster amd-ucode linux-zen
    OK
    Step:  configure_userspace
        EXEC:  arch-chroot /mntarch useradd -m -G users,wheel,video,lp -s /bin/zsh psycho
    Configure psycho`s password (safe UNIX passwd command used. Enter password Twice!):
        EXEC:  arch-chroot /mntarch passwd psycho
        EXEC:  pacstrap /mntarch plasma sddm
        EXEC:  arch-chroot /mntarch systemctl enable sddm
    OK
    Step:  configure_world
        EXEC:  arch-chroot /mntarch timedatectl set-timezone Europe/Moscow
        EXEC:  arch-chroot /mntarch timedatectl set-ntp true
        EXEC:  arch-chroot /mntarch hostnamectl set-hostname madArch
        EXEC:  echo -e "ru_RU.UTF-8 UTF-8\nen_US.UTF-8 UTF-8" > /mntarch/etc/locale.gen
        EXEC:  arch-chroot /mntarch locale-gen
        EXEC:  arch-chroot /mntarch localectl set-locale LANG=ru_RU.UTF-8
        EXEC:  genfstab -U /mntarch >> /mntarch/etc/fstab
    Configure ROOT password (safe UNIX passwd command used. Enter password Twice!):
        EXEC:  arch-chroot /mntarch passwd root
    OK
    Step:  configure_boot
    Currenlty supported image generators are: ['booster', 'mkinitcpio']
    Currenlty supported bootloaders are: ['refind']
        Step:  uki_efistub
            EXEC:  mkdir -p /mntarch/boot/efi/efi/Linux
            EXEC:  echo "rw root=/dev/nvme0n1p7" > /mntarch/etc/kernel/cmdline-linux-zen
            EXEC:  cat /boot/amd-ucode.img /boot/booster-linux-zen.img > /boot/booster-linux-zen-amd-ucode.img
            EXEC:  rm /mntarch/boot/efi/efi/Linux/linux-zen.efi
            EXEC:  objcopy --add-section .osrel="/mntarch/usr/lib/os-release" --change-section-vma .osrel=0x20000 --add-section .cmdline="/mntarch/etc/kernel/cmdline-linux-zen" --change-section-vma .cmdline=0x30000 --add-section .linux="/boot/vmlinuz-linux-zen" --change-section-vma .linux=0x2000000 --add-section .initrd="/boot/booster-linux-zen-amd-ucode.img" --change-section-vma .initrd=0x3000000 "/usr/lib/systemd/boot/efi/linuxx64.efi.stub" "/mntarch/boot/efi/efi/Linux/linux-zen.efi"
        OK
    OK
    Step:  save_configuration
    Configuraton and system-descripting files are stored in /usr/local/share/adi
        EXEC:  mkdir -p /usr/local/share/adi/
        EXEC:  mkdir -p /mntarch/usr/local/share/adi/
        Step:  save_run
        [Errno 2] No such file or directory: '/usr/local/share/adi/your_system.json'
        Err!
        Step:  save_config
        Unsatisfied! Abort
        Step:  save_run
        Unsatisfied! Abort
        Step:  save_config
        Unsatisfied! Abort
    OK
    Step:  scripts
    Unsatisfied! Abort
    Step:  script_packages
    Unsatisfied! Abort
